{
    "login": "Jainanish94",
    "id": 29610838,
    "node_id": "MDQ6VXNlcjI5NjEwODM4",
    "avatar_url": "https://avatars.githubusercontent.com/u/29610838?v=4",
    "gravatar_id": "",
    "url": "https://api.github.com/users/Jainanish94",
    "html_url": "https://github.com/Jainanish94",
    "followers_url": "https://api.github.com/users/Jainanish94/followers",
    "following_url": "https://api.github.com/users/Jainanish94/following{/other_user}",
    "gists_url": "https://api.github.com/users/Jainanish94/gists{/gist_id}",
    "starred_url": "https://api.github.com/users/Jainanish94/starred{/owner}{/repo}",
    "subscriptions_url": "https://api.github.com/users/Jainanish94/subscriptions",
    "organizations_url": "https://api.github.com/users/Jainanish94/orgs",
    "repos_url": "https://api.github.com/users/Jainanish94/repos",
    "events_url": "https://api.github.com/users/Jainanish94/events{/privacy}",
    "received_events_url": "https://api.github.com/users/Jainanish94/received_events",
    "type": "User",
    "site_admin": false,
    "name": null,
    "company": null,
    "blog": "",
    "location": null,
    "email": null,
    "hireable": false,
    "bio": "",
    "twitter_username": "",
    "public_repos": 0,
    "public_gists": 0,
    "followers": 0,
    "following": 0,
    "created_at": "2017-06-21T18:13:37Z",
    "updated_at": "2020-01-16T15:45:21Z"
}